e:\new folder\d3d9-wrapper-d3d9-wrapper-v1.58\d3d9-wrapper-d3d9-wrapper-v1.58\build\obj\win32\release\vc143.pdb
e:\new folder\d3d9-wrapper-d3d9-wrapper-v1.58\d3d9-wrapper-d3d9-wrapper-v1.58\build\obj\win32\release\dllmain.obj
e:\new folder\d3d9-wrapper-d3d9-wrapper-v1.58\d3d9-wrapper-d3d9-wrapper-v1.58\build\obj\win32\release\interfacequery.obj
e:\new folder\d3d9-wrapper-d3d9-wrapper-v1.58\d3d9-wrapper-d3d9-wrapper-v1.58\build\obj\win32\release\idirect3dvolumetexture9.obj
e:\new folder\d3d9-wrapper-d3d9-wrapper-v1.58\d3d9-wrapper-d3d9-wrapper-v1.58\build\obj\win32\release\idirect3dvolume9.obj
e:\new folder\d3d9-wrapper-d3d9-wrapper-v1.58\d3d9-wrapper-d3d9-wrapper-v1.58\build\obj\win32\release\idirect3dvertexshader9.obj
e:\new folder\d3d9-wrapper-d3d9-wrapper-v1.58\d3d9-wrapper-d3d9-wrapper-v1.58\build\obj\win32\release\idirect3dvertexdeclaration9.obj
e:\new folder\d3d9-wrapper-d3d9-wrapper-v1.58\d3d9-wrapper-d3d9-wrapper-v1.58\build\obj\win32\release\idirect3dvertexbuffer9.obj
e:\new folder\d3d9-wrapper-d3d9-wrapper-v1.58\d3d9-wrapper-d3d9-wrapper-v1.58\build\obj\win32\release\idirect3dtexture9.obj
e:\new folder\d3d9-wrapper-d3d9-wrapper-v1.58\d3d9-wrapper-d3d9-wrapper-v1.58\build\obj\win32\release\idirect3dswapchain9ex.obj
e:\new folder\d3d9-wrapper-d3d9-wrapper-v1.58\d3d9-wrapper-d3d9-wrapper-v1.58\build\obj\win32\release\idirect3dsurface9.obj
e:\new folder\d3d9-wrapper-d3d9-wrapper-v1.58\d3d9-wrapper-d3d9-wrapper-v1.58\build\obj\win32\release\idirect3dstateblock9.obj
e:\new folder\d3d9-wrapper-d3d9-wrapper-v1.58\d3d9-wrapper-d3d9-wrapper-v1.58\build\obj\win32\release\idirect3dquery9.obj
e:\new folder\d3d9-wrapper-d3d9-wrapper-v1.58\d3d9-wrapper-d3d9-wrapper-v1.58\build\obj\win32\release\idirect3dpixelshader9.obj
e:\new folder\d3d9-wrapper-d3d9-wrapper-v1.58\d3d9-wrapper-d3d9-wrapper-v1.58\build\obj\win32\release\idirect3dindexbuffer9.obj
e:\new folder\d3d9-wrapper-d3d9-wrapper-v1.58\d3d9-wrapper-d3d9-wrapper-v1.58\build\obj\win32\release\idirect3ddevice9ex.obj
e:\new folder\d3d9-wrapper-d3d9-wrapper-v1.58\d3d9-wrapper-d3d9-wrapper-v1.58\build\obj\win32\release\idirect3dcubetexture9.obj
e:\new folder\d3d9-wrapper-d3d9-wrapper-v1.58\d3d9-wrapper-d3d9-wrapper-v1.58\build\obj\win32\release\idirect3d9ex.obj
e:\new folder\d3d9-wrapper-d3d9-wrapper-v1.58\d3d9-wrapper-d3d9-wrapper-v1.58\data\d3d9.dll
e:\new folder\d3d9-wrapper-d3d9-wrapper-v1.58\d3d9-wrapper-d3d9-wrapper-v1.58\data\d3d9.pdb
e:\new folder\d3d9-wrapper-d3d9-wrapper-v1.58\d3d9-wrapper-d3d9-wrapper-v1.58\build\obj\win32\release\versioninfo.res
e:\new folder\d3d9-wrapper-d3d9-wrapper-v1.58\d3d9-wrapper-d3d9-wrapper-v1.58\data\d3d9.lib
e:\new folder\d3d9-wrapper-d3d9-wrapper-v1.58\d3d9-wrapper-d3d9-wrapper-v1.58\data\d3d9.exp
e:\new folder\d3d9-wrapper-d3d9-wrapper-v1.58\d3d9-wrapper-d3d9-wrapper-v1.58\build\obj\win32\release\d3d9-wrapper.tlog\cl.command.1.tlog
e:\new folder\d3d9-wrapper-d3d9-wrapper-v1.58\d3d9-wrapper-d3d9-wrapper-v1.58\build\obj\win32\release\d3d9-wrapper.tlog\cl.items.tlog
e:\new folder\d3d9-wrapper-d3d9-wrapper-v1.58\d3d9-wrapper-d3d9-wrapper-v1.58\build\obj\win32\release\d3d9-wrapper.tlog\cl.read.1.tlog
e:\new folder\d3d9-wrapper-d3d9-wrapper-v1.58\d3d9-wrapper-d3d9-wrapper-v1.58\build\obj\win32\release\d3d9-wrapper.tlog\cl.write.1.tlog
e:\new folder\d3d9-wrapper-d3d9-wrapper-v1.58\d3d9-wrapper-d3d9-wrapper-v1.58\build\obj\win32\release\d3d9-wrapper.tlog\link.command.1.tlog
e:\new folder\d3d9-wrapper-d3d9-wrapper-v1.58\d3d9-wrapper-d3d9-wrapper-v1.58\build\obj\win32\release\d3d9-wrapper.tlog\link.read.1.tlog
e:\new folder\d3d9-wrapper-d3d9-wrapper-v1.58\d3d9-wrapper-d3d9-wrapper-v1.58\build\obj\win32\release\d3d9-wrapper.tlog\link.secondary.1.tlog
e:\new folder\d3d9-wrapper-d3d9-wrapper-v1.58\d3d9-wrapper-d3d9-wrapper-v1.58\build\obj\win32\release\d3d9-wrapper.tlog\link.write.1.tlog
e:\new folder\d3d9-wrapper-d3d9-wrapper-v1.58\d3d9-wrapper-d3d9-wrapper-v1.58\build\obj\win32\release\d3d9-wrapper.tlog\rc.command.1.tlog
e:\new folder\d3d9-wrapper-d3d9-wrapper-v1.58\d3d9-wrapper-d3d9-wrapper-v1.58\build\obj\win32\release\d3d9-wrapper.tlog\rc.read.1.tlog
e:\new folder\d3d9-wrapper-d3d9-wrapper-v1.58\d3d9-wrapper-d3d9-wrapper-v1.58\build\obj\win32\release\d3d9-wrapper.tlog\rc.write.1.tlog
